<?xml version="1.0" encoding="UTF-8"?>
<testsuite xmlns:xsi="http://www.w3.org/2001/XMLSchema-instance" xsi:noNamespaceSchemaLocation="https://maven.apache.org/surefire/maven-surefire-plugin/xsd/surefire-test-report-3.0.xsd" version="3.0" name="org.openjfx.ModellTest" time="0.519" tests="4" errors="0" skipped="0" failures="0">
  <properties>
    <property name="awt.toolkit" value="sun.awt.X11.XToolkit"/>
    <property name="java.specification.version" value="11"/>
    <property name="sun.cpu.isalist" value=""/>
    <property name="sun.jnu.encoding" value="UTF-8"/>
    <property name="java.class.path" value="/home/nohar/Asztal/swe/Teszt/Teszt/target/test-classes:/home/nohar/Asztal/swe/Teszt/Teszt/target/classes:/home/nohar/.m2/repository/org/junit/jupiter/junit-jupiter-engine/5.4.2/junit-jupiter-engine-5.4.2.jar:/home/nohar/.m2/repository/org/apiguardian/apiguardian-api/1.0.0/apiguardian-api-1.0.0.jar:/home/nohar/.m2/repository/org/junit/platform/junit-platform-engine/1.4.2/junit-platform-engine-1.4.2.jar:/home/nohar/.m2/repository/org/opentest4j/opentest4j/1.1.1/opentest4j-1.1.1.jar:/home/nohar/.m2/repository/org/junit/platform/junit-platform-commons/1.4.2/junit-platform-commons-1.4.2.jar:/home/nohar/.m2/repository/org/junit/jupiter/junit-jupiter-api/5.4.2/junit-jupiter-api-5.4.2.jar:/home/nohar/.m2/repository/org/junit/platform/junit-platform-runner/1.2.0/junit-platform-runner-1.2.0.jar:/home/nohar/.m2/repository/org/junit/platform/junit-platform-launcher/1.2.0/junit-platform-launcher-1.2.0.jar:/home/nohar/.m2/repository/org/junit/platform/junit-platform-suite-api/1.2.0/junit-platform-suite-api-1.2.0.jar:/home/nohar/.m2/repository/junit/junit/4.12/junit-4.12.jar:/home/nohar/.m2/repository/org/hamcrest/hamcrest-core/1.3/hamcrest-core-1.3.jar:/home/nohar/.m2/repository/org/openjfx/javafx-controls/14/javafx-controls-14.jar:/home/nohar/.m2/repository/org/openjfx/javafx-controls/14/javafx-controls-14-linux.jar:/home/nohar/.m2/repository/org/openjfx/javafx-graphics/14/javafx-graphics-14.jar:/home/nohar/.m2/repository/org/openjfx/javafx-graphics/14/javafx-graphics-14-linux.jar:/home/nohar/.m2/repository/org/openjfx/javafx-base/14/javafx-base-14.jar:/home/nohar/.m2/repository/org/openjfx/javafx-base/14/javafx-base-14-linux.jar:/home/nohar/.m2/repository/org/openjfx/javafx-fxml/14/javafx-fxml-14.jar:/home/nohar/.m2/repository/org/openjfx/javafx-fxml/14/javafx-fxml-14-linux.jar:/home/nohar/.m2/repository/org/tinylog/tinylog-api/2.1.0/tinylog-api-2.1.0.jar:/home/nohar/.m2/repository/org/tinylog/tinylog-impl/2.1.0/tinylog-impl-2.1.0.jar:/home/nohar/.m2/repository/com/google/code/gson/gson/2.8.6/gson-2.8.6.jar:/home/nohar/.m2/repository/org/junit/jupiter/junit-jupiter/5.7.0-M1/junit-jupiter-5.7.0-M1.jar:/home/nohar/.m2/repository/org/junit/jupiter/junit-jupiter-params/5.7.0-M1/junit-jupiter-params-5.7.0-M1.jar:"/>
    <property name="java.vm.vendor" value="Ubuntu"/>
    <property name="sun.arch.data.model" value="64"/>
    <property name="java.vendor.url" value="https://ubuntu.com/"/>
    <property name="user.timezone" value="Europe/Budapest"/>
    <property name="java.vm.specification.version" value="11"/>
    <property name="os.name" value="Linux"/>
    <property name="sun.java.launcher" value="SUN_STANDARD"/>
    <property name="user.country" value="HU"/>
    <property name="sun.boot.library.path" value="/usr/lib/jvm/java-11-openjdk-amd64/lib"/>
    <property name="sun.java.command" value="/home/nohar/Asztal/swe/Teszt/Teszt/target/surefire/surefirebooter5868766407925074851.jar /home/nohar/Asztal/swe/Teszt/Teszt/target/surefire 2020-05-25T02-20-50_101-jvmRun1 surefire4615300695122389348tmp surefire_013728101880076158220tmp"/>
    <property name="jdk.debug" value="release"/>
    <property name="surefire.test.class.path" value="/home/nohar/Asztal/swe/Teszt/Teszt/target/test-classes:/home/nohar/Asztal/swe/Teszt/Teszt/target/classes:/home/nohar/.m2/repository/org/junit/jupiter/junit-jupiter-engine/5.4.2/junit-jupiter-engine-5.4.2.jar:/home/nohar/.m2/repository/org/apiguardian/apiguardian-api/1.0.0/apiguardian-api-1.0.0.jar:/home/nohar/.m2/repository/org/junit/platform/junit-platform-engine/1.4.2/junit-platform-engine-1.4.2.jar:/home/nohar/.m2/repository/org/opentest4j/opentest4j/1.1.1/opentest4j-1.1.1.jar:/home/nohar/.m2/repository/org/junit/platform/junit-platform-commons/1.4.2/junit-platform-commons-1.4.2.jar:/home/nohar/.m2/repository/org/junit/jupiter/junit-jupiter-api/5.4.2/junit-jupiter-api-5.4.2.jar:/home/nohar/.m2/repository/org/junit/platform/junit-platform-runner/1.2.0/junit-platform-runner-1.2.0.jar:/home/nohar/.m2/repository/org/junit/platform/junit-platform-launcher/1.2.0/junit-platform-launcher-1.2.0.jar:/home/nohar/.m2/repository/org/junit/platform/junit-platform-suite-api/1.2.0/junit-platform-suite-api-1.2.0.jar:/home/nohar/.m2/repository/junit/junit/4.12/junit-4.12.jar:/home/nohar/.m2/repository/org/hamcrest/hamcrest-core/1.3/hamcrest-core-1.3.jar:/home/nohar/.m2/repository/org/openjfx/javafx-controls/14/javafx-controls-14.jar:/home/nohar/.m2/repository/org/openjfx/javafx-controls/14/javafx-controls-14-linux.jar:/home/nohar/.m2/repository/org/openjfx/javafx-graphics/14/javafx-graphics-14.jar:/home/nohar/.m2/repository/org/openjfx/javafx-graphics/14/javafx-graphics-14-linux.jar:/home/nohar/.m2/repository/org/openjfx/javafx-base/14/javafx-base-14.jar:/home/nohar/.m2/repository/org/openjfx/javafx-base/14/javafx-base-14-linux.jar:/home/nohar/.m2/repository/org/openjfx/javafx-fxml/14/javafx-fxml-14.jar:/home/nohar/.m2/repository/org/openjfx/javafx-fxml/14/javafx-fxml-14-linux.jar:/home/nohar/.m2/repository/org/tinylog/tinylog-api/2.1.0/tinylog-api-2.1.0.jar:/home/nohar/.m2/repository/org/tinylog/tinylog-impl/2.1.0/tinylog-impl-2.1.0.jar:/home/nohar/.m2/repository/com/google/code/gson/gson/2.8.6/gson-2.8.6.jar:/home/nohar/.m2/repository/org/junit/jupiter/junit-jupiter/5.7.0-M1/junit-jupiter-5.7.0-M1.jar:/home/nohar/.m2/repository/org/junit/jupiter/junit-jupiter-params/5.7.0-M1/junit-jupiter-params-5.7.0-M1.jar:"/>
    <property name="sun.cpu.endian" value="little"/>
    <property name="user.home" value="/home/nohar"/>
    <property name="user.language" value="hu"/>
    <property name="java.specification.vendor" value="Oracle Corporation"/>
    <property name="java.version.date" value="2019-07-16"/>
    <property name="java.home" value="/usr/lib/jvm/java-11-openjdk-amd64"/>
    <property name="file.separator" value="/"/>
    <property name="basedir" value="/home/nohar/Asztal/swe/Teszt/Teszt"/>
    <property name="java.vm.compressedOopsMode" value="32-bit"/>
    <property name="line.separator" value="&#10;"/>
    <property name="java.specification.name" value="Java Platform API Specification"/>
    <property name="java.vm.specification.vendor" value="Oracle Corporation"/>
    <property name="java.awt.graphicsenv" value="sun.awt.X11GraphicsEnvironment"/>
    <property name="surefire.real.class.path" value="/home/nohar/Asztal/swe/Teszt/Teszt/target/surefire/surefirebooter5868766407925074851.jar"/>
    <property name="sun.management.compiler" value="HotSpot 64-Bit Tiered Compilers"/>
    <property name="java.runtime.version" value="11.0.4+11-post-Ubuntu-1ubuntu218.04.3"/>
    <property name="user.name" value="nohar"/>
    <property name="path.separator" value=":"/>
    <property name="os.version" value="4.15.0-66-generic"/>
    <property name="java.runtime.name" value="OpenJDK Runtime Environment"/>
    <property name="file.encoding" value="UTF-8"/>
    <property name="java.vm.name" value="OpenJDK 64-Bit Server VM"/>
    <property name="localRepository" value="/home/nohar/.m2/repository"/>
    <property name="java.vendor.url.bug" value="https://bugs.launchpad.net/ubuntu/+source/openjdk-lts"/>
    <property name="java.io.tmpdir" value="/tmp"/>
    <property name="java.version" value="11.0.4"/>
    <property name="user.dir" value="/home/nohar/Asztal/swe/Teszt/Teszt"/>
    <property name="os.arch" value="amd64"/>
    <property name="java.vm.specification.name" value="Java Virtual Machine Specification"/>
    <property name="java.awt.printerjob" value="sun.print.PSPrinterJob"/>
    <property name="sun.os.patch.level" value="unknown"/>
    <property name="idea.version2019.3.5" value="true"/>
    <property name="java.library.path" value="/usr/java/packages/lib:/usr/lib/x86_64-linux-gnu/jni:/lib/x86_64-linux-gnu:/usr/lib/x86_64-linux-gnu:/usr/lib/jni:/lib:/usr/lib"/>
    <property name="java.vendor" value="Ubuntu"/>
    <property name="java.vm.info" value="mixed mode, sharing"/>
    <property name="java.vm.version" value="11.0.4+11-post-Ubuntu-1ubuntu218.04.3"/>
    <property name="sun.io.unicode.encoding" value="UnicodeLittle"/>
    <property name="java.class.version" value="55.0"/>
  </properties>
  <testcase name="generateBombsTest" classname="org.openjfx.ModellTest" time="0.069"/>
  <testcase name="doYouWinTest" classname="org.openjfx.ModellTest" time="0.005"/>
  <testcase name="inboxXTest" classname="org.openjfx.ModellTest" time="0.003"/>
  <testcase name="inboxYTest" classname="org.openjfx.ModellTest" time="0.002"/>
</testsuite>